<?xml version="1.0" encoding="UTF-8"?>
<!-- Generated by org.testng.reporters.JUnitReportReporter -->
<testsuite hostname="TL0020" failures="0" tests="2" name="testcase.LoginTest" time="8.541" errors="0" timestamp="2022-08-27T19:23:39 IST" skipped="0">
  <testcase classname="testcase.LoginTest" name="runLogin" time="5.389"/>
  <system-out/>
  <testcase classname="testcase.LoginTest" name="runLogin" time="3.152"/>
  <system-out/>
</testsuite> <!-- testcase.LoginTest -->
