<?xml version="1.0" encoding="UTF-8"?>
<!-- Generated by org.testng.reporters.JUnitReportReporter -->
<testsuite hostname="TL0020" failures="0" tests="2" name="testcase.CreateLeadTest" time="25.890" errors="0" timestamp="2022-08-27T19:23:39 IST" skipped="0">
  <testcase classname="testcase.CreateLeadTest" name="runCreateLead" time="14.623"/>
  <system-out/>
  <testcase classname="testcase.CreateLeadTest" name="runCreateLead" time="11.267"/>
  <system-out/>
</testsuite> <!-- testcase.CreateLeadTest -->
